Loading required package: tidyverse
-- Attaching packages ---------------------------------- tidyverse 1.2.1 --
<U+221A> ggplot2 2.2.1     <U+221A> purrr   0.2.5
<U+221A> tibble  1.4.2     <U+221A> dplyr   0.7.5
<U+221A> tidyr   0.8.1     <U+221A> stringr 1.3.1
<U+221A> readr   1.1.1     <U+221A> forcats 0.3.0
-- Conflicts ------------------------------------- tidyverse_conflicts() --
x dplyr::filter() masks stats::filter()
x dplyr::lag()    masks stats::lag()
Warning: 776 parsing failures.
row # A tibble: 5 x 5 col     row col   expected  actual    file                                     expected   <int> <chr> <chr>     <chr>     <chr>                                    actual 1     4 <NA>  2 columns 3 columns '/Users/serdarbalciold/RepTemplates/pub~ file 2     6 <NA>  2 columns 3 columns '/Users/serdarbalciold/RepTemplates/pub~ row 3     8 <NA>  2 columns 4 columns '/Users/serdarbalciold/RepTemplates/pub~ col 4    15 <NA>  2 columns 3 columns '/Users/serdarbalciold/RepTemplates/pub~ expected 5    18 <NA>  2 columns 5 columns '/Users/serdarbalciold/RepTemplates/pub~
... ................. ... .......................................................................... ........ .......................................................................... ...... .......................................................................... .... .......................................................................... ... ...................................... [... truncated]
Warning: 1537 parsing failures.
row # A tibble: 5 x 5 col     row col   expected  actual    file                                     expected   <int> <chr> <chr>     <chr>     <chr>                                    actual 1     1 <NA>  2 columns 3 columns '/Users/serdarbalciold/RepTemplates/pub~ file 2     3 <NA>  2 columns 3 columns '/Users/serdarbalciold/RepTemplates/pub~ row 3     4 <NA>  2 columns 3 columns '/Users/serdarbalciold/RepTemplates/pub~ col 4     6 <NA>  2 columns 3 columns '/Users/serdarbalciold/RepTemplates/pub~ expected 5     9 <NA>  2 columns 5 columns '/Users/serdarbalciold/RepTemplates/pub~
... ................. ... .......................................................................... ........ .......................................................................... ...... .......................................................................... .... .......................................................................... ... ..................................... [... truncated]
Warning messages:
1: In rbind(names(probs), probs_f) :
  number of columns of result is not a multiple of vector length (arg 1)
2: In rbind(names(probs), probs_f) :
  number of columns of result is not a multiple of vector length (arg 1)
Hata: RStudio not running
Calistirma durduruldu
Loading required package: tidyverse
-- Attaching packages ---------------------------------- tidyverse 1.2.1 --
<U+221A> ggplot2 2.2.1     <U+221A> purrr   0.2.5
<U+221A> tibble  1.4.2     <U+221A> dplyr   0.7.5
<U+221A> tidyr   0.8.1     <U+221A> stringr 1.3.1
<U+221A> readr   1.1.1     <U+221A> forcats 0.3.0
-- Conflicts ------------------------------------- tidyverse_conflicts() --
x dplyr::filter() masks stats::filter()
x dplyr::lag()    masks stats::lag()
Warning: 776 parsing failures.
row # A tibble: 5 x 5 col     row col   expected  actual    file                                     expected   <int> <chr> <chr>     <chr>     <chr>                                    actual 1     4 <NA>  2 columns 3 columns '/Users/serdarbalciold/RepTemplates/pub~ file 2     6 <NA>  2 columns 3 columns '/Users/serdarbalciold/RepTemplates/pub~ row 3     8 <NA>  2 columns 4 columns '/Users/serdarbalciold/RepTemplates/pub~ col 4    15 <NA>  2 columns 3 columns '/Users/serdarbalciold/RepTemplates/pub~ expected 5    18 <NA>  2 columns 5 columns '/Users/serdarbalciold/RepTemplates/pub~
... ................. ... .......................................................................... ........ .......................................................................... ...... .......................................................................... .... .......................................................................... ... ...................................... [... truncated]
Warning: 1537 parsing failures.
row # A tibble: 5 x 5 col     row col   expected  actual    file                                     expected   <int> <chr> <chr>     <chr>     <chr>                                    actual 1     1 <NA>  2 columns 3 columns '/Users/serdarbalciold/RepTemplates/pub~ file 2     3 <NA>  2 columns 3 columns '/Users/serdarbalciold/RepTemplates/pub~ row 3     4 <NA>  2 columns 3 columns '/Users/serdarbalciold/RepTemplates/pub~ col 4     6 <NA>  2 columns 3 columns '/Users/serdarbalciold/RepTemplates/pub~ expected 5     9 <NA>  2 columns 5 columns '/Users/serdarbalciold/RepTemplates/pub~
... ................. ... .......................................................................... ........ .......................................................................... ...... .......................................................................... .... .......................................................................... ... ..................................... [... truncated]
Warning messages:
1: In rbind(names(probs), probs_f) :
  number of columns of result is not a multiple of vector length (arg 1)
2: In rbind(names(probs), probs_f) :
  number of columns of result is not a multiple of vector length (arg 1)
Hata: RStudio not running
Calistirma durduruldu
Loading required package: tidyverse
-- Attaching packages ---------------------------------- tidyverse 1.2.1 --
<U+221A> ggplot2 2.2.1     <U+221A> purrr   0.2.5
<U+221A> tibble  1.4.2     <U+221A> dplyr   0.7.5
<U+221A> tidyr   0.8.1     <U+221A> stringr 1.3.1
<U+221A> readr   1.1.1     <U+221A> forcats 0.3.0
-- Conflicts ------------------------------------- tidyverse_conflicts() --
x dplyr::filter() masks stats::filter()
x dplyr::lag()    masks stats::lag()
Warning: 776 parsing failures.
row # A tibble: 5 x 5 col     row col   expected  actual    file                                     expected   <int> <chr> <chr>     <chr>     <chr>                                    actual 1     4 <NA>  2 columns 3 columns '/Users/serdarbalciold/RepTemplates/pub~ file 2     6 <NA>  2 columns 3 columns '/Users/serdarbalciold/RepTemplates/pub~ row 3     8 <NA>  2 columns 4 columns '/Users/serdarbalciold/RepTemplates/pub~ col 4    15 <NA>  2 columns 3 columns '/Users/serdarbalciold/RepTemplates/pub~ expected 5    18 <NA>  2 columns 5 columns '/Users/serdarbalciold/RepTemplates/pub~
... ................. ... .......................................................................... ........ .......................................................................... ...... .......................................................................... .... .......................................................................... ... ...................................... [... truncated]
Warning: 1537 parsing failures.
row # A tibble: 5 x 5 col     row col   expected  actual    file                                     expected   <int> <chr> <chr>     <chr>     <chr>                                    actual 1     1 <NA>  2 columns 3 columns '/Users/serdarbalciold/RepTemplates/pub~ file 2     3 <NA>  2 columns 3 columns '/Users/serdarbalciold/RepTemplates/pub~ row 3     4 <NA>  2 columns 3 columns '/Users/serdarbalciold/RepTemplates/pub~ col 4     6 <NA>  2 columns 3 columns '/Users/serdarbalciold/RepTemplates/pub~ expected 5     9 <NA>  2 columns 5 columns '/Users/serdarbalciold/RepTemplates/pub~
... ................. ... .......................................................................... ........ .......................................................................... ...... .......................................................................... .... .......................................................................... ... ..................................... [... truncated]
Warning messages:
1: In rbind(names(probs), probs_f) :
  number of columns of result is not a multiple of vector length (arg 1)
2: In rbind(names(probs), probs_f) :
  number of columns of result is not a multiple of vector length (arg 1)
Hata: RStudio not running
Calistirma durduruldu
Loading required package: tidyverse
-- Attaching packages ---------------------------------- tidyverse 1.2.1 --
<U+221A> ggplot2 2.2.1     <U+221A> purrr   0.2.5
<U+221A> tibble  1.4.2     <U+221A> dplyr   0.7.6
<U+221A> tidyr   0.8.1     <U+221A> stringr 1.3.1
<U+221A> readr   1.1.1     <U+221A> forcats 0.3.0
-- Conflicts ------------------------------------- tidyverse_conflicts() --
x dplyr::filter() masks stats::filter()
x dplyr::lag()    masks stats::lag()
Warning: 776 parsing failures.
row # A tibble: 5 x 5 col     row col   expected  actual    file                                     expected   <int> <chr> <chr>     <chr>     <chr>                                    actual 1     4 <NA>  2 columns 3 columns '/Users/serdarbalciold/RepTemplates/pub~ file 2     6 <NA>  2 columns 3 columns '/Users/serdarbalciold/RepTemplates/pub~ row 3     8 <NA>  2 columns 4 columns '/Users/serdarbalciold/RepTemplates/pub~ col 4    15 <NA>  2 columns 3 columns '/Users/serdarbalciold/RepTemplates/pub~ expected 5    18 <NA>  2 columns 5 columns '/Users/serdarbalciold/RepTemplates/pub~
... ................. ... .......................................................................... ........ .......................................................................... ...... .......................................................................... .... .......................................................................... ... ...................................... [... truncated]
Warning: 1537 parsing failures.
row # A tibble: 5 x 5 col     row col   expected  actual    file                                     expected   <int> <chr> <chr>     <chr>     <chr>                                    actual 1     1 <NA>  2 columns 3 columns '/Users/serdarbalciold/RepTemplates/pub~ file 2     3 <NA>  2 columns 3 columns '/Users/serdarbalciold/RepTemplates/pub~ row 3     4 <NA>  2 columns 3 columns '/Users/serdarbalciold/RepTemplates/pub~ col 4     6 <NA>  2 columns 3 columns '/Users/serdarbalciold/RepTemplates/pub~ expected 5     9 <NA>  2 columns 5 columns '/Users/serdarbalciold/RepTemplates/pub~
... ................. ... .......................................................................... ........ .......................................................................... ...... .......................................................................... .... .......................................................................... ... ..................................... [... truncated]
Warning messages:
1: package 'dplyr' was built under R version 3.5.1 
2: In rbind(names(probs), probs_f) :
  number of columns of result is not a multiple of vector length (arg 1)
3: In rbind(names(probs), probs_f) :
  number of columns of result is not a multiple of vector length (arg 1)
Hata: RStudio not running
Calistirma durduruldu
Loading required package: tidyverse
-- Attaching packages ---------------------------------- tidyverse 1.2.1 --
<U+221A> ggplot2 2.2.1     <U+221A> purrr   0.2.5
<U+221A> tibble  1.4.2     <U+221A> dplyr   0.7.6
<U+221A> tidyr   0.8.1     <U+221A> stringr 1.3.1
<U+221A> readr   1.1.1     <U+221A> forcats 0.3.0
-- Conflicts ------------------------------------- tidyverse_conflicts() --
x dplyr::filter() masks stats::filter()
x dplyr::lag()    masks stats::lag()
Warning: 776 parsing failures.
row # A tibble: 5 x 5 col     row col   expected  actual    file                                     expected   <int> <chr> <chr>     <chr>     <chr>                                    actual 1     4 <NA>  2 columns 3 columns '/Users/serdarbalciold/RepTemplates/pub~ file 2     6 <NA>  2 columns 3 columns '/Users/serdarbalciold/RepTemplates/pub~ row 3     8 <NA>  2 columns 4 columns '/Users/serdarbalciold/RepTemplates/pub~ col 4    15 <NA>  2 columns 3 columns '/Users/serdarbalciold/RepTemplates/pub~ expected 5    18 <NA>  2 columns 5 columns '/Users/serdarbalciold/RepTemplates/pub~
... ................. ... .......................................................................... ........ .......................................................................... ...... .......................................................................... .... .......................................................................... ... ...................................... [... truncated]
Warning: 1537 parsing failures.
row # A tibble: 5 x 5 col     row col   expected  actual    file                                     expected   <int> <chr> <chr>     <chr>     <chr>                                    actual 1     1 <NA>  2 columns 3 columns '/Users/serdarbalciold/RepTemplates/pub~ file 2     3 <NA>  2 columns 3 columns '/Users/serdarbalciold/RepTemplates/pub~ row 3     4 <NA>  2 columns 3 columns '/Users/serdarbalciold/RepTemplates/pub~ col 4     6 <NA>  2 columns 3 columns '/Users/serdarbalciold/RepTemplates/pub~ expected 5     9 <NA>  2 columns 5 columns '/Users/serdarbalciold/RepTemplates/pub~
... ................. ... .......................................................................... ........ .......................................................................... ...... .......................................................................... .... .......................................................................... ... ..................................... [... truncated]
Warning messages:
1: package 'dplyr' was built under R version 3.5.1 
2: In rbind(names(probs), probs_f) :
  number of columns of result is not a multiple of vector length (arg 1)
3: In rbind(names(probs), probs_f) :
  number of columns of result is not a multiple of vector length (arg 1)
Hata: RStudio not running
Calistirma durduruldu
Loading required package: tidyverse
-- Attaching packages ---------------------------------- tidyverse 1.2.1 --
<U+221A> ggplot2 2.2.1     <U+221A> purrr   0.2.5
<U+221A> tibble  1.4.2     <U+221A> dplyr   0.7.6
<U+221A> tidyr   0.8.1     <U+221A> stringr 1.3.1
<U+221A> readr   1.1.1     <U+221A> forcats 0.3.0
-- Conflicts ------------------------------------- tidyverse_conflicts() --
x dplyr::filter() masks stats::filter()
x dplyr::lag()    masks stats::lag()
Warning: 776 parsing failures.
row # A tibble: 5 x 5 col     row col   expected  actual    file                                     expected   <int> <chr> <chr>     <chr>     <chr>                                    actual 1     4 <NA>  2 columns 3 columns '/Users/serdarbalciold/RepTemplates/pub~ file 2     6 <NA>  2 columns 3 columns '/Users/serdarbalciold/RepTemplates/pub~ row 3     8 <NA>  2 columns 4 columns '/Users/serdarbalciold/RepTemplates/pub~ col 4    15 <NA>  2 columns 3 columns '/Users/serdarbalciold/RepTemplates/pub~ expected 5    18 <NA>  2 columns 5 columns '/Users/serdarbalciold/RepTemplates/pub~
... ................. ... .......................................................................... ........ .......................................................................... ...... .......................................................................... .... .......................................................................... ... ...................................... [... truncated]
Warning: 1537 parsing failures.
row # A tibble: 5 x 5 col     row col   expected  actual    file                                     expected   <int> <chr> <chr>     <chr>     <chr>                                    actual 1     1 <NA>  2 columns 3 columns '/Users/serdarbalciold/RepTemplates/pub~ file 2     3 <NA>  2 columns 3 columns '/Users/serdarbalciold/RepTemplates/pub~ row 3     4 <NA>  2 columns 3 columns '/Users/serdarbalciold/RepTemplates/pub~ col 4     6 <NA>  2 columns 3 columns '/Users/serdarbalciold/RepTemplates/pub~ expected 5     9 <NA>  2 columns 5 columns '/Users/serdarbalciold/RepTemplates/pub~
... ................. ... .......................................................................... ........ .......................................................................... ...... .......................................................................... .... .......................................................................... ... ..................................... [... truncated]
Warning messages:
1: package 'dplyr' was built under R version 3.5.1 
2: In rbind(names(probs), probs_f) :
  number of columns of result is not a multiple of vector length (arg 1)
3: In rbind(names(probs), probs_f) :
  number of columns of result is not a multiple of vector length (arg 1)
Hata: RStudio not running
Calistirma durduruldu
Loading required package: tidyverse
-- Attaching packages ---------------------------------- tidyverse 1.2.1 --
<U+221A> ggplot2 2.2.1     <U+221A> purrr   0.2.5
<U+221A> tibble  1.4.2     <U+221A> dplyr   0.7.6
<U+221A> tidyr   0.8.1     <U+221A> stringr 1.3.1
<U+221A> readr   1.1.1     <U+221A> forcats 0.3.0
-- Conflicts ------------------------------------- tidyverse_conflicts() --
x dplyr::filter() masks stats::filter()
x dplyr::lag()    masks stats::lag()
Warning: 776 parsing failures.
row # A tibble: 5 x 5 col     row col   expected  actual    file                                     expected   <int> <chr> <chr>     <chr>     <chr>                                    actual 1     4 <NA>  2 columns 3 columns '/Users/serdarbalciold/RepTemplates/pub~ file 2     6 <NA>  2 columns 3 columns '/Users/serdarbalciold/RepTemplates/pub~ row 3     8 <NA>  2 columns 4 columns '/Users/serdarbalciold/RepTemplates/pub~ col 4    15 <NA>  2 columns 3 columns '/Users/serdarbalciold/RepTemplates/pub~ expected 5    18 <NA>  2 columns 5 columns '/Users/serdarbalciold/RepTemplates/pub~
... ................. ... .......................................................................... ........ .......................................................................... ...... .......................................................................... .... .......................................................................... ... ...................................... [... truncated]
Warning: 1537 parsing failures.
row # A tibble: 5 x 5 col     row col   expected  actual    file                                     expected   <int> <chr> <chr>     <chr>     <chr>                                    actual 1     1 <NA>  2 columns 3 columns '/Users/serdarbalciold/RepTemplates/pub~ file 2     3 <NA>  2 columns 3 columns '/Users/serdarbalciold/RepTemplates/pub~ row 3     4 <NA>  2 columns 3 columns '/Users/serdarbalciold/RepTemplates/pub~ col 4     6 <NA>  2 columns 3 columns '/Users/serdarbalciold/RepTemplates/pub~ expected 5     9 <NA>  2 columns 5 columns '/Users/serdarbalciold/RepTemplates/pub~
... ................. ... .......................................................................... ........ .......................................................................... ...... .......................................................................... .... .......................................................................... ... ..................................... [... truncated]
Warning messages:
1: package 'dplyr' was built under R version 3.5.1 
2: In rbind(names(probs), probs_f) :
  number of columns of result is not a multiple of vector length (arg 1)
3: In rbind(names(probs), probs_f) :
  number of columns of result is not a multiple of vector length (arg 1)
Hata: RStudio not running
Calistirma durduruldu
